# CUDA_PROFILE_LOG_VERSION 2.0
# CUDA_DEVICE 0 Quadro FX 570M
# TIMESTAMPFACTOR fffff6fbebfa4e10
method,gputime,cputime,occupancy,divergent_branch,instructions,gld_incoherent,warp_serialize,memtransfersize
method=[ memcpyHtoD ] gputime=[ 5.440 ] cputime=[ 19.000 ] memtransfersize=[ 4 ] 
method=[ memcpyHtoD ] gputime=[ 5.376 ] cputime=[ 12.000 ] memtransfersize=[ 4 ] 
method=[ memcpyHtoD ] gputime=[ 5.344 ] cputime=[ 11.000 ] memtransfersize=[ 4 ] 
method=[ memcpyHtoD ] gputime=[ 4.576 ] cputime=[ 12.000 ] memtransfersize=[ 4 ] 
method=[ memcpyHtoD ] gputime=[ 2064.800 ] cputime=[ 24281.000 ] memtransfersize=[ 4194304 ] 
method=[ memcpyHtoD ] gputime=[ 5.760 ] cputime=[ 17.000 ] memtransfersize=[ 4 ] 
method=[ memcpyHtoD ] gputime=[ 4.544 ] cputime=[ 9.000 ] memtransfersize=[ 4 ] 
method=[ memcpyHtoD ] gputime=[ 4.448 ] cputime=[ 9.000 ] memtransfersize=[ 4 ] 
method=[ memcpyHtoD ] gputime=[ 4.448 ] cputime=[ 11.000 ] memtransfersize=[ 4 ] 
method=[ memcpyHtoD ] gputime=[ 4.512 ] cputime=[ 9.000 ] memtransfersize=[ 4 ] 
method=[ memcpyHtoD ] gputime=[ 4.448 ] cputime=[ 8.000 ] memtransfersize=[ 4 ] 
method=[ memcpyHtoD ] gputime=[ 4.512 ] cputime=[ 8.000 ] memtransfersize=[ 4 ] 
method=[ memcpyHtoD ] gputime=[ 4.448 ] cputime=[ 9.000 ] memtransfersize=[ 4 ] 
method=[ memcpyHtoD ] gputime=[ 4.480 ] cputime=[ 8.000 ] memtransfersize=[ 4 ] 
method=[ memcpyHtoD ] gputime=[ 5.280 ] cputime=[ 9.000 ] memtransfersize=[ 4 ] 
method=[ memcpyHtoD ] gputime=[ 2545.888 ] cputime=[ 3268.000 ] memtransfersize=[ 4194304 ] 
method=[ memcpyHtoD ] gputime=[ 2873.728 ] cputime=[ 3669.000 ] memtransfersize=[ 4194304 ] 
method=[ _Z20sort_block_batcher_1v ] gputime=[ 427.008 ] cputime=[ 807.000 ] occupancy=[ 0.667 ] divergent_branch=[ 0 ] instructions=[ 96528 ] gld_incoherent=[ 0 ] warp_serialize=[ 17030 ] 
method=[ _Z20sort_block_batcher_1v ] gputime=[ 428.544 ] cputime=[ 636.000 ] occupancy=[ 0.667 ] divergent_branch=[ 0 ] instructions=[ 96528 ] gld_incoherent=[ 0 ] warp_serialize=[ 17155 ] 
method=[ _Z20sort_block_batcher_1v ] gputime=[ 426.080 ] cputime=[ 632.000 ] occupancy=[ 0.667 ] divergent_branch=[ 0 ] instructions=[ 96528 ] gld_incoherent=[ 0 ] warp_serialize=[ 17295 ] 
method=[ _Z20sort_block_batcher_1v ] gputime=[ 427.328 ] cputime=[ 635.000 ] occupancy=[ 0.667 ] divergent_branch=[ 0 ] instructions=[ 96528 ] gld_incoherent=[ 0 ] warp_serialize=[ 17236 ] 
method=[ _Z20sort_block_batcher_1v ] gputime=[ 426.784 ] cputime=[ 635.000 ] occupancy=[ 0.667 ] divergent_branch=[ 0 ] instructions=[ 96528 ] gld_incoherent=[ 0 ] warp_serialize=[ 17208 ] 
method=[ memcpyDtoH ] gputime=[ 2977.376 ] cputime=[ 3735.000 ] memtransfersize=[ 4194304 ] 
method=[ memcpyHtoD ] gputime=[ 2128.864 ] cputime=[ 2817.000 ] memtransfersize=[ 4194304 ] 
method=[ memcpyHtoD ] gputime=[ 2136.384 ] cputime=[ 2678.000 ] memtransfersize=[ 4194304 ] 
method=[ _Z20sort_block_batcher_1v ] gputime=[ 427.264 ] cputime=[ 478.000 ] occupancy=[ 0.667 ] divergent_branch=[ 0 ] instructions=[ 96528 ] gld_incoherent=[ 0 ] warp_serialize=[ 17170 ] 
method=[ _Z20sort_block_batcher_1v ] gputime=[ 424.032 ] cputime=[ 449.000 ] occupancy=[ 0.667 ] divergent_branch=[ 0 ] instructions=[ 96528 ] gld_incoherent=[ 0 ] warp_serialize=[ 17175 ] 
method=[ _Z20sort_block_batcher_1v ] gputime=[ 426.432 ] cputime=[ 448.000 ] occupancy=[ 0.667 ] divergent_branch=[ 0 ] instructions=[ 96528 ] gld_incoherent=[ 0 ] warp_serialize=[ 17133 ] 
method=[ _Z20sort_block_batcher_1v ] gputime=[ 426.752 ] cputime=[ 448.000 ] occupancy=[ 0.667 ] divergent_branch=[ 0 ] instructions=[ 96528 ] gld_incoherent=[ 0 ] warp_serialize=[ 17187 ] 
method=[ _Z20sort_block_batcher_1v ] gputime=[ 425.120 ] cputime=[ 450.000 ] occupancy=[ 0.667 ] divergent_branch=[ 0 ] instructions=[ 96528 ] gld_incoherent=[ 0 ] warp_serialize=[ 17171 ] 
method=[ memcpyDtoH ] gputime=[ 2699.040 ] cputime=[ 3269.000 ] memtransfersize=[ 4194304 ] 
method=[ memcpyHtoD ] gputime=[ 2112.544 ] cputime=[ 2773.000 ] memtransfersize=[ 4194304 ] 
method=[ memcpyHtoD ] gputime=[ 2122.144 ] cputime=[ 2679.000 ] memtransfersize=[ 4194304 ] 
method=[ _Z20sort_block_batcher_1v ] gputime=[ 426.816 ] cputime=[ 464.000 ] occupancy=[ 0.667 ] divergent_branch=[ 0 ] instructions=[ 96528 ] gld_incoherent=[ 0 ] warp_serialize=[ 17139 ] 
method=[ _Z20sort_block_batcher_1v ] gputime=[ 426.688 ] cputime=[ 453.000 ] occupancy=[ 0.667 ] divergent_branch=[ 0 ] instructions=[ 96528 ] gld_incoherent=[ 0 ] warp_serialize=[ 17220 ] 
method=[ _Z20sort_block_batcher_1v ] gputime=[ 426.848 ] cputime=[ 448.000 ] occupancy=[ 0.667 ] divergent_branch=[ 0 ] instructions=[ 96528 ] gld_incoherent=[ 0 ] warp_serialize=[ 17151 ] 
method=[ _Z20sort_block_batcher_1v ] gputime=[ 425.216 ] cputime=[ 451.000 ] occupancy=[ 0.667 ] divergent_branch=[ 0 ] instructions=[ 96528 ] gld_incoherent=[ 0 ] warp_serialize=[ 17162 ] 
method=[ _Z20sort_block_batcher_1v ] gputime=[ 425.696 ] cputime=[ 452.000 ] occupancy=[ 0.667 ] divergent_branch=[ 0 ] instructions=[ 96528 ] gld_incoherent=[ 0 ] warp_serialize=[ 17331 ] 
method=[ memcpyDtoH ] gputime=[ 2694.432 ] cputime=[ 3295.000 ] memtransfersize=[ 4194304 ] 
method=[ memcpyHtoD ] gputime=[ 2143.584 ] cputime=[ 2810.000 ] memtransfersize=[ 4194304 ] 
method=[ memcpyHtoD ] gputime=[ 2092.000 ] cputime=[ 2653.000 ] memtransfersize=[ 4194304 ] 
method=[ _Z20sort_block_batcher_1v ] gputime=[ 428.000 ] cputime=[ 459.000 ] occupancy=[ 0.667 ] divergent_branch=[ 0 ] instructions=[ 96528 ] gld_incoherent=[ 0 ] warp_serialize=[ 17270 ] 
method=[ _Z20sort_block_batcher_1v ] gputime=[ 424.064 ] cputime=[ 448.000 ] occupancy=[ 0.667 ] divergent_branch=[ 0 ] instructions=[ 96528 ] gld_incoherent=[ 0 ] warp_serialize=[ 17254 ] 
method=[ _Z20sort_block_batcher_1v ] gputime=[ 426.656 ] cputime=[ 452.000 ] occupancy=[ 0.667 ] divergent_branch=[ 0 ] instructions=[ 96528 ] gld_incoherent=[ 0 ] warp_serialize=[ 17156 ] 
method=[ _Z20sort_block_batcher_1v ] gputime=[ 424.896 ] cputime=[ 449.000 ] occupancy=[ 0.667 ] divergent_branch=[ 0 ] instructions=[ 96528 ] gld_incoherent=[ 0 ] warp_serialize=[ 17228 ] 
method=[ _Z20sort_block_batcher_1v ] gputime=[ 425.760 ] cputime=[ 460.000 ] occupancy=[ 0.667 ] divergent_branch=[ 0 ] instructions=[ 96528 ] gld_incoherent=[ 0 ] warp_serialize=[ 17199 ] 
method=[ memcpyDtoH ] gputime=[ 2886.016 ] cputime=[ 3682.000 ] memtransfersize=[ 4194304 ] 
method=[ memcpyHtoD ] gputime=[ 2573.056 ] cputime=[ 3384.000 ] memtransfersize=[ 4194304 ] 
method=[ memcpyHtoD ] gputime=[ 2385.824 ] cputime=[ 3571.000 ] memtransfersize=[ 4194304 ] 
method=[ _Z20sort_block_batcher_1v ] gputime=[ 425.792 ] cputime=[ 459.000 ] occupancy=[ 0.667 ] divergent_branch=[ 0 ] instructions=[ 96528 ] gld_incoherent=[ 0 ] warp_serialize=[ 17009 ] 
method=[ _Z20sort_block_batcher_1v ] gputime=[ 425.216 ] cputime=[ 453.000 ] occupancy=[ 0.667 ] divergent_branch=[ 0 ] instructions=[ 96528 ] gld_incoherent=[ 0 ] warp_serialize=[ 17220 ] 
method=[ _Z20sort_block_batcher_1v ] gputime=[ 425.056 ] cputime=[ 453.000 ] occupancy=[ 0.667 ] divergent_branch=[ 0 ] instructions=[ 96528 ] gld_incoherent=[ 0 ] warp_serialize=[ 17174 ] 
method=[ _Z20sort_block_batcher_1v ] gputime=[ 424.192 ] cputime=[ 448.000 ] occupancy=[ 0.667 ] divergent_branch=[ 0 ] instructions=[ 96528 ] gld_incoherent=[ 0 ] warp_serialize=[ 17176 ] 
method=[ _Z20sort_block_batcher_1v ] gputime=[ 426.240 ] cputime=[ 450.000 ] occupancy=[ 0.667 ] divergent_branch=[ 0 ] instructions=[ 96528 ] gld_incoherent=[ 0 ] warp_serialize=[ 17271 ] 
method=[ memcpyDtoH ] gputime=[ 3025.856 ] cputime=[ 3866.000 ] memtransfersize=[ 4194304 ] 
